<?xml version="1.0" encoding="UTF-8"?>
<testng-results skipped="0" failed="0" total="2" passed="2">
  <reporter-output>
  </reporter-output>
  <suite name="Default suite" duration-ms="14541" started-at="2016-10-03T10:47:21Z" finished-at="2016-10-03T10:47:36Z">
    <groups>
    </groups>
    <test name="Default test" duration-ms="14541" started-at="2016-10-03T10:47:21Z" finished-at="2016-10-03T10:47:36Z">
      <class name="automationFramework.PageObjectModel">
        <test-method status="PASS" signature="browserSetUp()[pri:0, instance:automationFramework.PageObjectModel@28d25987]" name="browserSetUp" is-config="true" duration-ms="9521" started-at="2016-10-03T16:17:21Z" finished-at="2016-10-03T16:17:31Z">
          <reporter-output>
          </reporter-output>
        </test-method> <!-- browserSetUp -->
        <test-method status="PASS" signature="loginMethod()[pri:0, instance:automationFramework.PageObjectModel@28d25987]" name="loginMethod" duration-ms="3499" started-at="2016-10-03T16:17:31Z" finished-at="2016-10-03T16:17:34Z">
          <reporter-output>
          </reporter-output>
        </test-method> <!-- loginMethod -->
        <test-method status="PASS" signature="accountVerifyMethod()[pri:0, instance:automationFramework.PageObjectModel@28d25987]" name="accountVerifyMethod" duration-ms="1488" started-at="2016-10-03T16:17:34Z" finished-at="2016-10-03T16:17:36Z">
          <reporter-output>
          </reporter-output>
        </test-method> <!-- accountVerifyMethod -->
        <test-method status="PASS" signature="tearDown()[pri:0, instance:automationFramework.PageObjectModel@28d25987]" name="tearDown" is-config="true" duration-ms="1" started-at="2016-10-03T16:17:36Z" finished-at="2016-10-03T16:17:36Z">
          <reporter-output>
          </reporter-output>
        </test-method> <!-- tearDown -->
      </class> <!-- automationFramework.PageObjectModel -->
    </test> <!-- Default test -->
  </suite> <!-- Default suite -->
</testng-results>
